{"uuid":"06d11b00-da48-41de-b4f6-dc4e5e8937ab","historyId":"79ff432d9766742018283847ec1e8265","testCaseId":"2164de01abd09ec94e2c4eb4eae57311","fullName":"src/test/resources/features/RegistrationFeature.feature:2","labels":[{"name":"host","value":"Praveenas-MacBook-Air.local"},{"name":"thread","value":"2278@Praveenas-MacBook-Air.local.TestNG-tests-1(13)"},{"name":"feature","value":"Verify Registartion page"},{"name":"story","value":"Registration for user"},{"name":"suite","value":"Verify Registartion page"},{"name":"testClass","value":"Registration for user"},{"name":"framework","value":"cucumber4jvm"},{"name":"language","value":"java"},{"name":"gherkin_uri","value":"file:///Users/praveena/IdeaProjects/AllureTestNgCucumber/src/test/resources/features/RegistrationFeature.feature"},{"name":"package","value":"src.test.resources.features.RegistrationFeature_feature.Verify Registartion page"}],"links":[],"name":"Registration for user","status":"failed","statusDetails":{"known":false,"muted":false,"flaky":false,"message":"expected [Automation Exercise]] but found [Automation Exercise]","trace":"java.lang.AssertionError: expected [Automation Exercise]] but found [Automation Exercise]\n\tat org.testng.Assert.fail(Assert.java:111)\n\tat org.testng.Assert.failNotEquals(Assert.java:1590)\n\tat org.testng.Assert.assertEqualsImpl(Assert.java:150)\n\tat org.testng.Assert.assertEquals(Assert.java:132)\n\tat org.testng.Assert.assertEquals(Assert.java:656)\n\tat org.testng.Assert.assertEquals(Assert.java:666)\n\tat stepDefinition.RegistrationStep.i_on_login_page(RegistrationStep.java:22)\n\tat ✽.I on login page(file:///Users/praveena/IdeaProjects/AllureTestNgCucumber/src/test/resources/features/RegistrationFeature.feature:3)\n"},"stage":"finished","steps":[{"name":"Given I on login page","status":"failed","statusDetails":{"known":false,"muted":false,"flaky":false,"message":"expected [Automation Exercise]] but found [Automation Exercise]","trace":"java.lang.AssertionError: expected [Automation Exercise]] but found [Automation Exercise]\n\tat org.testng.Assert.fail(Assert.java:111)\n\tat org.testng.Assert.failNotEquals(Assert.java:1590)\n\tat org.testng.Assert.assertEqualsImpl(Assert.java:150)\n\tat org.testng.Assert.assertEquals(Assert.java:132)\n\tat org.testng.Assert.assertEquals(Assert.java:656)\n\tat org.testng.Assert.assertEquals(Assert.java:666)\n\tat stepDefinition.RegistrationStep.i_on_login_page(RegistrationStep.java:22)\n\tat ✽.I on login page(file:///Users/praveena/IdeaProjects/AllureTestNgCucumber/src/test/resources/features/RegistrationFeature.feature:3)\n"},"stage":"finished","steps":[],"attachments":[],"parameters":[],"start":1758701297972,"stop":1758701309086},{"name":"When I enter \"test\" and \"Test@yopmail.com\" and click on SignUp button","status":"skipped","statusDetails":{"known":false,"muted":false,"flaky":false},"stage":"finished","steps":[],"attachments":[],"parameters":[],"start":1758701309094,"stop":1758701309095},{"name":"Then I redirected to registartion page","status":"skipped","statusDetails":{"known":false,"muted":false,"flaky":false},"stage":"finished","steps":[],"attachments":[],"parameters":[],"start":1758701309099,"stop":1758701309099}],"attachments":[],"parameters":[],"start":1758701274281,"stop":1758701312287}